<?xml version="1.0" encoding="UTF-8"?>
<testsuite xmlns:xsi="http://www.w3.org/2001/XMLSchema-instance" xsi:noNamespaceSchemaLocation="https://maven.apache.org/surefire/maven-surefire-plugin/xsd/surefire-test-report.xsd" name="com.firstboot.parent.ParentApplicationTests" time="0.07" tests="1" errors="1" skipped="0" failures="0">
  <properties>
[...]
</properties>
  <testcase name="contextLoads" classname="com.firstboot.parent.ParentApplicationTests" time="0.04">
    <error message="Request processing failed; nested exception is java.lang.Exception: 发生错误" type="org.springframework.web.util.NestedServletException">org.springframework.web.util.NestedServletException: Request processing failed; nested exception is java.lang.Exception: 发生错误
	at com.firstboot.parent.ParentApplicationTests.contextLoads(ParentApplicationTests.java:37)
Caused by: java.lang.Exception: 发生错误
	at com.firstboot.parent.ParentApplicationTests.contextLoads(ParentApplicationTests.java:37)
</error>
    <system-out><![CDATA[2018-05-19 10:51:30.483  INFO 8936 --- [           main] .b.t.c.SpringBootTestContextBootstrapper : Neither @ContextConfiguration nor @ContextHierarchy found for test class [com.firstboot.parent.ParentApplicationTests], using SpringBootContextLoader
2018-05-19 10:51:30.483  INFO 8936 --- [           main] o.s.t.c.support.AbstractContextLoader    : Could not detect default resource locations for test class [com.firstboot.parent.ParentApplicationTests]: no resource found for suffixes {-context.xml, Context.groovy}.
2018-05-19 10:51:30.483  INFO 8936 --- [           main] .b.t.c.SpringBootTestContextBootstrapper : Loaded default TestExecutionListener class names from location [META-INF/spring.factories]: [org.springframework.boot.test.mock.mockito.MockitoTestExecutionListener, org.springframework.boot.test.mock.mockito.ResetMocksTestExecutionListener, org.springframework.boot.test.autoconfigure.restdocs.RestDocsTestExecutionListener, org.springframework.boot.test.autoconfigure.web.client.MockRestServiceServerResetTestExecutionListener, org.springframework.boot.test.autoconfigure.web.servlet.MockMvcPrintOnlyOnFailureTestExecutionListener, org.springframework.boot.test.autoconfigure.web.servlet.WebDriverTestExecutionListener, org.springframework.test.context.web.ServletTestExecutionListener, org.springframework.test.context.support.DirtiesContextBeforeModesTestExecutionListener, org.springframework.test.context.support.DependencyInjectionTestExecutionListener, org.springframework.test.context.support.DirtiesContextTestExecutionListener, org.springframework.test.context.transaction.TransactionalTestExecutionListener, org.springframework.test.context.jdbc.SqlScriptsTestExecutionListener]
2018-05-19 10:51:30.483  INFO 8936 --- [           main] .b.t.c.SpringBootTestContextBootstrapper : Using TestExecutionListeners: [org.springframework.test.context.web.ServletTestExecutionListener@3292eff7, org.springframework.test.context.support.DirtiesContextBeforeModesTestExecutionListener@29ea5e0, org.springframework.boot.test.mock.mockito.MockitoTestExecutionListener@1c459c28, org.springframework.boot.test.autoconfigure.SpringBootDependencyInjectionTestExecutionListener@6ffdbeef, org.springframework.test.context.support.DirtiesContextTestExecutionListener@4a3509b0, org.springframework.test.context.transaction.TransactionalTestExecutionListener@3d7314b3, org.springframework.test.context.jdbc.SqlScriptsTestExecutionListener@d677be9, org.springframework.boot.test.mock.mockito.ResetMocksTestExecutionListener@fefb66c, org.springframework.boot.test.autoconfigure.restdocs.RestDocsTestExecutionListener@6d7556a8, org.springframework.boot.test.autoconfigure.web.client.MockRestServiceServerResetTestExecutionListener@48860139, org.springframework.boot.test.autoconfigure.web.servlet.MockMvcPrintOnlyOnFailureTestExecutionListener@7e0883f3, org.springframework.boot.test.autoconfigure.web.servlet.WebDriverTestExecutionListener@ca60688]
 before ：所有的测试方法之前都先执行这个方法
2018-05-19 10:51:30.503  INFO 8936 --- [           main] s.w.s.m.m.a.RequestMappingHandlerMapping : Mapped "{[/]}" onto public java.lang.String com.firstboot.parent.web.HelloController.index(org.springframework.ui.ModelMap)
2018-05-19 10:51:30.503  INFO 8936 --- [           main] s.w.s.m.m.a.RequestMappingHandlerMapping : Mapped "{[/hello]}" onto public java.lang.String com.firstboot.parent.web.HelloController.hello() throws java.lang.Exception
2018-05-19 10:51:30.503  INFO 8936 --- [           main] s.w.s.m.m.a.RequestMappingHandlerMapping : Mapped "{[/json]}" onto public java.lang.String com.firstboot.parent.web.HelloController.json() throws com.firstboot.parent.exception.MyException
2018-05-19 10:51:30.533  INFO 8936 --- [           main] s.w.s.m.m.a.RequestMappingHandlerAdapter : Looking for @ControllerAdvice: org.springframework.test.web.servlet.setup.StubWebApplicationContext@4ba1c1a2
2018-05-19 10:51:30.543  INFO 8936 --- [           main] o.s.mock.web.MockServletContext          : Initializing Spring FrameworkServlet ''
2018-05-19 10:51:30.543  INFO 8936 --- [           main] o.s.t.web.servlet.TestDispatcherServlet  : FrameworkServlet '': initialization started
2018-05-19 10:51:30.543  INFO 8936 --- [           main] o.s.t.web.servlet.TestDispatcherServlet  : FrameworkServlet '': initialization completed in 0 ms
]]></system-out>
  </testcase>
</testsuite>